Thu Apr 25 2019 10:48:02 GMT-0700 (Pacific Daylight Time): GET /
Thu Apr 25 2019 10:48:02 GMT-0700 (Pacific Daylight Time): GET /testcss.css
Thu Apr 25 2019 10:48:16 GMT-0700 (Pacific Daylight Time): GET /images/icon1.png
Thu Apr 25 2019 10:48:21 GMT-0700 (Pacific Daylight Time): GET /register
Thu Apr 25 2019 10:48:21 GMT-0700 (Pacific Daylight Time): GET /bundle_1.js
Thu Apr 25 2019 10:48:21 GMT-0700 (Pacific Daylight Time): GET /trading
Thu Apr 25 2019 10:48:21 GMT-0700 (Pacific Daylight Time): GET /testcss.css
Thu Apr 25 2019 10:48:23 GMT-0700 (Pacific Daylight Time): GET /admin
Thu Apr 25 2019 10:48:23 GMT-0700 (Pacific Daylight Time): GET /bundle_1.js
Thu Apr 25 2019 10:48:24 GMT-0700 (Pacific Daylight Time): GET /register
Thu Apr 25 2019 10:48:24 GMT-0700 (Pacific Daylight Time): GET /bundle_1.js
Thu Apr 25 2019 10:48:26 GMT-0700 (Pacific Daylight Time): GET /login
Thu Apr 25 2019 10:48:26 GMT-0700 (Pacific Daylight Time): GET /testcss.css
Thu Apr 25 2019 10:48:27 GMT-0700 (Pacific Daylight Time): GET /images/icon1.png
Thu Apr 25 2019 10:50:58 GMT-0700 (Pacific Daylight Time): GET /register
Thu Apr 25 2019 10:51:33 GMT-0700 (Pacific Daylight Time): POST /login
Thu Apr 25 2019 10:51:33 GMT-0700 (Pacific Daylight Time): GET /register
Thu Apr 25 2019 10:51:33 GMT-0700 (Pacific Daylight Time): GET /bundle_1.js
Thu Apr 25 2019 10:51:34 GMT-0700 (Pacific Daylight Time): GET /favicon.ico
Thu Apr 25 2019 10:51:45 GMT-0700 (Pacific Daylight Time): GET /login
Thu Apr 25 2019 10:51:45 GMT-0700 (Pacific Daylight Time): GET /testcss.css
Thu Apr 25 2019 10:51:45 GMT-0700 (Pacific Daylight Time): GET /images/icon1.png
Thu Apr 25 2019 10:51:49 GMT-0700 (Pacific Daylight Time): POST /login
Thu Apr 25 2019 10:51:49 GMT-0700 (Pacific Daylight Time): GET /login-fail
Thu Apr 25 2019 10:51:49 GMT-0700 (Pacific Daylight Time): GET /testcss.css
Thu Apr 25 2019 10:51:49 GMT-0700 (Pacific Daylight Time): GET /images/icon1.png
Thu Apr 25 2019 10:51:52 GMT-0700 (Pacific Daylight Time): GET /register
Thu Apr 25 2019 10:51:52 GMT-0700 (Pacific Daylight Time): GET /bundle_1.js
Thu Apr 25 2019 10:51:52 GMT-0700 (Pacific Daylight Time): GET /favicon.ico
Thu Apr 25 2019 10:52:10 GMT-0700 (Pacific Daylight Time): POST /register
Thu Apr 25 2019 10:52:10 GMT-0700 (Pacific Daylight Time): GET /bundle_1.js
Thu Apr 25 2019 10:52:11 GMT-0700 (Pacific Daylight Time): GET /favicon.ico
Thu Apr 25 2019 10:52:17 GMT-0700 (Pacific Daylight Time): GET /login
Thu Apr 25 2019 10:52:17 GMT-0700 (Pacific Daylight Time): GET /testcss.css
Thu Apr 25 2019 10:52:17 GMT-0700 (Pacific Daylight Time): GET /images/icon1.png
Thu Apr 25 2019 10:52:22 GMT-0700 (Pacific Daylight Time): POST /login
Thu Apr 25 2019 10:52:22 GMT-0700 (Pacific Daylight Time): GET /login-fail
Thu Apr 25 2019 10:52:22 GMT-0700 (Pacific Daylight Time): GET /testcss.css
Thu Apr 25 2019 10:52:22 GMT-0700 (Pacific Daylight Time): GET /images/icon1.png
Thu Apr 25 2019 10:52:25 GMT-0700 (Pacific Daylight Time): GET /login
Thu Apr 25 2019 10:52:25 GMT-0700 (Pacific Daylight Time): GET /images/icon1.png
Thu Apr 25 2019 10:52:26 GMT-0700 (Pacific Daylight Time): GET /favicon.ico
Thu Apr 25 2019 10:52:29 GMT-0700 (Pacific Daylight Time): GET /images/icon1.png
Thu Apr 25 2019 10:52:32 GMT-0700 (Pacific Daylight Time): POST /login
Thu Apr 25 2019 10:52:32 GMT-0700 (Pacific Daylight Time): GET /trading-success
Thu Apr 25 2019 10:52:32 GMT-0700 (Pacific Daylight Time): GET /testcss.css
Thu Apr 25 2019 10:52:33 GMT-0700 (Pacific Daylight Time): GET /images/icon1.png
Thu Apr 25 2019 10:52:49 GMT-0700 (Pacific Daylight Time): POST /trading-success-search
Thu Apr 25 2019 10:52:49 GMT-0700 (Pacific Daylight Time): GET /testcss.css
Thu Apr 25 2019 10:52:50 GMT-0700 (Pacific Daylight Time): GET /images/icon1.png
Thu Apr 25 2019 10:52:56 GMT-0700 (Pacific Daylight Time): POST /trading-success-search
Thu Apr 25 2019 10:52:58 GMT-0700 (Pacific Daylight Time): GET /testcss.css
Thu Apr 25 2019 10:52:58 GMT-0700 (Pacific Daylight Time): GET /images/icon1.png
Thu Apr 25 2019 10:53:09 GMT-0700 (Pacific Daylight Time): POST /trading-success-holdings
Thu Apr 25 2019 10:53:09 GMT-0700 (Pacific Daylight Time): GET /testcss.css
Thu Apr 25 2019 10:53:10 GMT-0700 (Pacific Daylight Time): GET /images/icon1.png
Thu Apr 25 2019 10:53:12 GMT-0700 (Pacific Daylight Time): POST /trading-success-holdings
Thu Apr 25 2019 10:53:12 GMT-0700 (Pacific Daylight Time): GET /testcss.css
Thu Apr 25 2019 10:53:12 GMT-0700 (Pacific Daylight Time): GET /images/icon1.png
Thu Apr 25 2019 10:53:14 GMT-0700 (Pacific Daylight Time): GET /admin-success
Thu Apr 25 2019 10:53:14 GMT-0700 (Pacific Daylight Time): GET /admin-restricted
Thu Apr 25 2019 10:53:14 GMT-0700 (Pacific Daylight Time): GET /bundle_1.js
Thu Apr 25 2019 10:53:14 GMT-0700 (Pacific Daylight Time): GET /favicon.ico
Thu Apr 25 2019 10:53:15 GMT-0700 (Pacific Daylight Time): GET /trading-success
Thu Apr 25 2019 10:53:15 GMT-0700 (Pacific Daylight Time): GET /testcss.css
Thu Apr 25 2019 10:53:16 GMT-0700 (Pacific Daylight Time): GET /images/icon1.png
Thu Apr 25 2019 11:15:39 GMT-0700 (Pacific Daylight Time): POST /trading-success-search
Thu Apr 25 2019 11:15:40 GMT-0700 (Pacific Daylight Time): GET /testcss.css
Thu Apr 25 2019 11:15:40 GMT-0700 (Pacific Daylight Time): GET /images/icon1.png
Thu Apr 25 2019 11:16:02 GMT-0700 (Pacific Daylight Time): POST /trading-success-buy
Thu Apr 25 2019 11:16:02 GMT-0700 (Pacific Daylight Time): GET /testcss.css
Thu Apr 25 2019 11:16:02 GMT-0700 (Pacific Daylight Time): GET /images/icon1.png
Thu Apr 25 2019 11:16:10 GMT-0700 (Pacific Daylight Time): POST /trading-success-sell
Thu Apr 25 2019 11:16:11 GMT-0700 (Pacific Daylight Time): GET /testcss.css
Thu Apr 25 2019 11:16:11 GMT-0700 (Pacific Daylight Time): GET /images/icon1.png
Thu Apr 25 2019 11:16:15 GMT-0700 (Pacific Daylight Time): POST /trading-success-holdings
Thu Apr 25 2019 11:16:15 GMT-0700 (Pacific Daylight Time): GET /testcss.css
Thu Apr 25 2019 11:16:15 GMT-0700 (Pacific Daylight Time): GET /images/icon1.png
Thu Apr 25 2019 11:16:24 GMT-0700 (Pacific Daylight Time): GET /admin-success
Thu Apr 25 2019 11:16:24 GMT-0700 (Pacific Daylight Time): GET /admin-restricted
Thu Apr 25 2019 11:16:24 GMT-0700 (Pacific Daylight Time): GET /bundle_1.js
Thu Apr 25 2019 11:16:24 GMT-0700 (Pacific Daylight Time): GET /favicon.ico
Thu Apr 25 2019 11:16:26 GMT-0700 (Pacific Daylight Time): GET /trading-success
Thu Apr 25 2019 11:16:26 GMT-0700 (Pacific Daylight Time): GET /testcss.css
Thu Apr 25 2019 11:16:26 GMT-0700 (Pacific Daylight Time): GET /images/icon1.png
Thu Apr 25 2019 11:16:27 GMT-0700 (Pacific Daylight Time): GET /admin-success
Thu Apr 25 2019 11:16:27 GMT-0700 (Pacific Daylight Time): GET /admin-restricted
Thu Apr 25 2019 11:16:27 GMT-0700 (Pacific Daylight Time): GET /bundle_1.js
Thu Apr 25 2019 11:16:27 GMT-0700 (Pacific Daylight Time): GET /favicon.ico
Thu Apr 25 2019 11:16:29 GMT-0700 (Pacific Daylight Time): GET /trading-success
Thu Apr 25 2019 11:16:29 GMT-0700 (Pacific Daylight Time): GET /testcss.css
Thu Apr 25 2019 11:16:29 GMT-0700 (Pacific Daylight Time): GET /images/icon1.png
Thu Apr 25 2019 11:16:30 GMT-0700 (Pacific Daylight Time): GET /registration-logged-in
Thu Apr 25 2019 11:16:30 GMT-0700 (Pacific Daylight Time): GET /bundle_1.js
Thu Apr 25 2019 11:16:30 GMT-0700 (Pacific Daylight Time): GET /favicon.ico
Thu Apr 25 2019 11:16:33 GMT-0700 (Pacific Daylight Time): GET /trading-success
Thu Apr 25 2019 11:16:33 GMT-0700 (Pacific Daylight Time): GET /testcss.css
Thu Apr 25 2019 11:16:33 GMT-0700 (Pacific Daylight Time): GET /images/icon1.png
Thu Apr 25 2019 12:05:01 GMT-0700 (Pacific Daylight Time): POST /trading-success-search
Thu Apr 25 2019 12:05:25 GMT-0700 (Pacific Daylight Time): POST /trading-success-search
Thu Apr 25 2019 12:05:25 GMT-0700 (Pacific Daylight Time): GET /testcss.css
Thu Apr 25 2019 12:05:25 GMT-0700 (Pacific Daylight Time): GET /images/icon1.png
Thu Apr 25 2019 12:05:40 GMT-0700 (Pacific Daylight Time): POST /trading-success-buy
Thu Apr 25 2019 12:05:40 GMT-0700 (Pacific Daylight Time): GET /testcss.css
Thu Apr 25 2019 12:05:40 GMT-0700 (Pacific Daylight Time): GET /images/icon1.png
Thu Apr 25 2019 12:06:06 GMT-0700 (Pacific Daylight Time): POST /trading-success-holdings
Thu Apr 25 2019 12:06:06 GMT-0700 (Pacific Daylight Time): GET /testcss.css
Thu Apr 25 2019 12:06:06 GMT-0700 (Pacific Daylight Time): GET /images/icon1.png
Thu Apr 25 2019 12:06:17 GMT-0700 (Pacific Daylight Time): POST /trading-success-sell
Thu Apr 25 2019 12:06:18 GMT-0700 (Pacific Daylight Time): GET /testcss.css
Thu Apr 25 2019 12:06:18 GMT-0700 (Pacific Daylight Time): GET /images/icon1.png
Thu Apr 25 2019 12:06:35 GMT-0700 (Pacific Daylight Time): POST /trading-success-holdings
Thu Apr 25 2019 12:06:35 GMT-0700 (Pacific Daylight Time): GET /testcss.css
Thu Apr 25 2019 12:06:35 GMT-0700 (Pacific Daylight Time): GET /images/icon1.png
Thu Apr 25 2019 12:06:41 GMT-0700 (Pacific Daylight Time): POST /trading-success-sell
Thu Apr 25 2019 12:06:42 GMT-0700 (Pacific Daylight Time): GET /testcss.css
Thu Apr 25 2019 12:06:42 GMT-0700 (Pacific Daylight Time): GET /images/icon1.png
Thu Apr 25 2019 12:17:31 GMT-0700 (Pacific Daylight Time): GET /
Thu Apr 25 2019 12:17:31 GMT-0700 (Pacific Daylight Time): GET /testcss.css
Thu Apr 25 2019 12:17:31 GMT-0700 (Pacific Daylight Time): GET /images/icon1.png
Thu Apr 25 2019 12:17:43 GMT-0700 (Pacific Daylight Time): POST /
Thu Apr 25 2019 12:17:43 GMT-0700 (Pacific Daylight Time): GET /trading-success
Thu Apr 25 2019 12:17:43 GMT-0700 (Pacific Daylight Time): GET /testcss.css
Thu Apr 25 2019 12:17:43 GMT-0700 (Pacific Daylight Time): GET /images/icon1.png
Thu Apr 25 2019 12:29:05 GMT-0700 (Pacific Daylight Time): GET /admin-success
Thu Apr 25 2019 12:29:05 GMT-0700 (Pacific Daylight Time): GET /admin-restricted
Thu Apr 25 2019 12:29:05 GMT-0700 (Pacific Daylight Time): GET /bundle_1.js
Thu Apr 25 2019 12:29:05 GMT-0700 (Pacific Daylight Time): GET /favicon.ico
Thu Apr 25 2019 12:29:07 GMT-0700 (Pacific Daylight Time): GET /trading-success
Thu Apr 25 2019 12:29:07 GMT-0700 (Pacific Daylight Time): GET /testcss.css
Thu Apr 25 2019 12:29:07 GMT-0700 (Pacific Daylight Time): GET /images/icon1.png
Thu Apr 25 2019 12:29:09 GMT-0700 (Pacific Daylight Time): POST /trading-success-holdings
Thu Apr 25 2019 12:29:09 GMT-0700 (Pacific Daylight Time): GET /testcss.css
Thu Apr 25 2019 12:29:09 GMT-0700 (Pacific Daylight Time): GET /images/icon1.png
Thu Apr 25 2019 12:30:17 GMT-0700 (Pacific Daylight Time): POST /trading-success-holdings
Thu Apr 25 2019 12:30:17 GMT-0700 (Pacific Daylight Time): GET /testcss.css
Thu Apr 25 2019 12:30:18 GMT-0700 (Pacific Daylight Time): GET /images/icon1.png
Thu Apr 25 2019 12:30:23 GMT-0700 (Pacific Daylight Time): GET /admin-success
Thu Apr 25 2019 12:30:23 GMT-0700 (Pacific Daylight Time): GET /admin-restricted
Thu Apr 25 2019 12:30:23 GMT-0700 (Pacific Daylight Time): GET /bundle_1.js
Thu Apr 25 2019 12:30:23 GMT-0700 (Pacific Daylight Time): GET /favicon.ico
Thu Apr 25 2019 12:31:05 GMT-0700 (Pacific Daylight Time): GET /admin-restricted
Thu Apr 25 2019 12:31:05 GMT-0700 (Pacific Daylight Time): GET /bundle_1.js
Thu Apr 25 2019 12:31:05 GMT-0700 (Pacific Daylight Time): GET /favicon.ico
Thu Apr 25 2019 12:31:28 GMT-0700 (Pacific Daylight Time): GET /admin-restricted
Thu Apr 25 2019 12:31:28 GMT-0700 (Pacific Daylight Time): GET /bundle_1.js
Thu Apr 25 2019 12:31:28 GMT-0700 (Pacific Daylight Time): GET /favicon.ico
Thu Apr 25 2019 12:31:30 GMT-0700 (Pacific Daylight Time): GET /admin-restricted
Thu Apr 25 2019 12:31:30 GMT-0700 (Pacific Daylight Time): GET /bundle_1.js
Thu Apr 25 2019 12:31:30 GMT-0700 (Pacific Daylight Time): GET /favicon.ico
Thu Apr 25 2019 12:31:31 GMT-0700 (Pacific Daylight Time): GET /admin-restricted
Thu Apr 25 2019 12:31:31 GMT-0700 (Pacific Daylight Time): GET /bundle_1.js
Thu Apr 25 2019 12:31:31 GMT-0700 (Pacific Daylight Time): GET /favicon.ico
Thu Apr 25 2019 12:31:34 GMT-0700 (Pacific Daylight Time): GET /trading-success
Thu Apr 25 2019 12:31:34 GMT-0700 (Pacific Daylight Time): GET /testcss.css
Thu Apr 25 2019 12:31:35 GMT-0700 (Pacific Daylight Time): GET /images/icon1.png
Thu Apr 25 2019 12:31:36 GMT-0700 (Pacific Daylight Time): GET /registration-logged-in
Thu Apr 25 2019 12:31:36 GMT-0700 (Pacific Daylight Time): GET /bundle_1.js
Thu Apr 25 2019 12:31:36 GMT-0700 (Pacific Daylight Time): GET /favicon.ico
Thu Apr 25 2019 12:31:38 GMT-0700 (Pacific Daylight Time): GET /logout
Thu Apr 25 2019 12:31:38 GMT-0700 (Pacific Daylight Time): GET /
Thu Apr 25 2019 12:31:38 GMT-0700 (Pacific Daylight Time): GET /testcss.css
Thu Apr 25 2019 12:31:38 GMT-0700 (Pacific Daylight Time): GET /images/icon1.png
Thu Apr 25 2019 12:31:53 GMT-0700 (Pacific Daylight Time): POST /
Thu Apr 25 2019 12:31:53 GMT-0700 (Pacific Daylight Time): GET /login-fail
Thu Apr 25 2019 12:31:53 GMT-0700 (Pacific Daylight Time): GET /testcss.css
Thu Apr 25 2019 12:31:53 GMT-0700 (Pacific Daylight Time): GET /images/icon1.png
Thu Apr 25 2019 12:31:57 GMT-0700 (Pacific Daylight Time): POST /login-fail
Thu Apr 25 2019 12:31:57 GMT-0700 (Pacific Daylight Time): GET /login-fail
Thu Apr 25 2019 12:31:57 GMT-0700 (Pacific Daylight Time): GET /testcss.css
Thu Apr 25 2019 12:31:57 GMT-0700 (Pacific Daylight Time): GET /images/icon1.png
Thu Apr 25 2019 12:32:05 GMT-0700 (Pacific Daylight Time): POST /login-fail
Thu Apr 25 2019 12:32:05 GMT-0700 (Pacific Daylight Time): GET /trading-success
Thu Apr 25 2019 12:32:05 GMT-0700 (Pacific Daylight Time): GET /testcss.css
Thu Apr 25 2019 12:32:05 GMT-0700 (Pacific Daylight Time): GET /images/icon1.png
Thu Apr 25 2019 12:32:07 GMT-0700 (Pacific Daylight Time): GET /admin-success
Thu Apr 25 2019 12:32:07 GMT-0700 (Pacific Daylight Time): GET /admin-restricted
Thu Apr 25 2019 12:32:07 GMT-0700 (Pacific Daylight Time): GET /bundle_1.js
Thu Apr 25 2019 12:32:07 GMT-0700 (Pacific Daylight Time): GET /favicon.ico
Thu Apr 25 2019 13:42:04 GMT-0700 (Pacific Daylight Time): GET /
Thu Apr 25 2019 13:42:04 GMT-0700 (Pacific Daylight Time): GET /testcss.css
Thu Apr 25 2019 13:42:04 GMT-0700 (Pacific Daylight Time): GET /images/icon1.png
Thu Apr 25 2019 13:42:07 GMT-0700 (Pacific Daylight Time): GET /register
Thu Apr 25 2019 13:42:07 GMT-0700 (Pacific Daylight Time): GET /bundle_1.js
Thu Apr 25 2019 13:42:08 GMT-0700 (Pacific Daylight Time): GET /favicon.ico
Thu Apr 25 2019 13:42:18 GMT-0700 (Pacific Daylight Time): POST /register
Thu Apr 25 2019 13:42:18 GMT-0700 (Pacific Daylight Time): GET /bundle_1.js
Thu Apr 25 2019 13:42:18 GMT-0700 (Pacific Daylight Time): GET /favicon.ico
Thu Apr 25 2019 13:42:25 GMT-0700 (Pacific Daylight Time): GET /login
Thu Apr 25 2019 13:42:25 GMT-0700 (Pacific Daylight Time): GET /testcss.css
Thu Apr 25 2019 13:42:25 GMT-0700 (Pacific Daylight Time): GET /images/icon1.png
Thu Apr 25 2019 13:42:31 GMT-0700 (Pacific Daylight Time): POST /login
Thu Apr 25 2019 13:42:31 GMT-0700 (Pacific Daylight Time): GET /trading-success
Thu Apr 25 2019 13:42:31 GMT-0700 (Pacific Daylight Time): GET /testcss.css
Thu Apr 25 2019 13:42:31 GMT-0700 (Pacific Daylight Time): GET /images/icon1.png
Thu Apr 25 2019 13:43:01 GMT-0700 (Pacific Daylight Time): POST /trading-success-search
Thu Apr 25 2019 13:43:01 GMT-0700 (Pacific Daylight Time): GET /testcss.css
Thu Apr 25 2019 13:43:01 GMT-0700 (Pacific Daylight Time): GET /images/icon1.png
Thu Apr 25 2019 13:43:04 GMT-0700 (Pacific Daylight Time): POST /trading-success-search
Thu Apr 25 2019 13:43:04 GMT-0700 (Pacific Daylight Time): GET /testcss.css
Thu Apr 25 2019 13:43:05 GMT-0700 (Pacific Daylight Time): GET /images/icon1.png
Thu Apr 25 2019 13:43:09 GMT-0700 (Pacific Daylight Time): GET /admin-success
Thu Apr 25 2019 13:43:09 GMT-0700 (Pacific Daylight Time): GET /admin-restricted
Thu Apr 25 2019 13:43:09 GMT-0700 (Pacific Daylight Time): GET /bundle_1.js
Thu Apr 25 2019 13:43:10 GMT-0700 (Pacific Daylight Time): GET /favicon.ico
Thu Apr 25 2019 13:43:11 GMT-0700 (Pacific Daylight Time): GET /trading-success
Thu Apr 25 2019 13:43:11 GMT-0700 (Pacific Daylight Time): GET /testcss.css
Thu Apr 25 2019 13:43:11 GMT-0700 (Pacific Daylight Time): GET /images/icon1.png
Thu Apr 25 2019 13:43:12 GMT-0700 (Pacific Daylight Time): GET /registration-logged-in
Thu Apr 25 2019 13:43:12 GMT-0700 (Pacific Daylight Time): GET /bundle_1.js
Thu Apr 25 2019 13:43:12 GMT-0700 (Pacific Daylight Time): GET /favicon.ico
Thu Apr 25 2019 13:44:33 GMT-0700 (Pacific Daylight Time): GET /trading-success
Thu Apr 25 2019 13:44:33 GMT-0700 (Pacific Daylight Time): GET /testcss.css
Thu Apr 25 2019 13:44:33 GMT-0700 (Pacific Daylight Time): GET /images/icon1.png
Thu Apr 25 2019 13:47:19 GMT-0700 (Pacific Daylight Time): GET /registration-logged-in
Thu Apr 25 2019 13:47:19 GMT-0700 (Pacific Daylight Time): GET /bundle_1.js
Thu Apr 25 2019 13:47:20 GMT-0700 (Pacific Daylight Time): GET /favicon.ico
Thu Apr 25 2019 13:53:46 GMT-0700 (Pacific Daylight Time): GET /trading-success
Thu Apr 25 2019 13:53:46 GMT-0700 (Pacific Daylight Time): GET /testcss.css
Thu Apr 25 2019 13:53:46 GMT-0700 (Pacific Daylight Time): GET /images/icon1.png
Thu Apr 25 2019 13:53:48 GMT-0700 (Pacific Daylight Time): GET /registration-logged-in
Thu Apr 25 2019 13:53:48 GMT-0700 (Pacific Daylight Time): GET /bundle_1.js
Thu Apr 25 2019 13:53:48 GMT-0700 (Pacific Daylight Time): GET /favicon.ico
Thu Apr 25 2019 13:54:30 GMT-0700 (Pacific Daylight Time): GET /trading-success
Thu Apr 25 2019 13:54:30 GMT-0700 (Pacific Daylight Time): GET /testcss.css
Thu Apr 25 2019 13:54:30 GMT-0700 (Pacific Daylight Time): GET /images/icon1.png
Thu Apr 25 2019 13:54:33 GMT-0700 (Pacific Daylight Time): GET /admin-success
Thu Apr 25 2019 13:54:33 GMT-0700 (Pacific Daylight Time): GET /admin-restricted
Thu Apr 25 2019 13:54:33 GMT-0700 (Pacific Daylight Time): GET /bundle_1.js
Thu Apr 25 2019 13:54:33 GMT-0700 (Pacific Daylight Time): GET /favicon.ico
Thu Apr 25 2019 13:54:35 GMT-0700 (Pacific Daylight Time): GET /trading-success
Thu Apr 25 2019 13:54:35 GMT-0700 (Pacific Daylight Time): GET /testcss.css
Thu Apr 25 2019 13:54:36 GMT-0700 (Pacific Daylight Time): GET /images/icon1.png
Thu Apr 25 2019 13:54:39 GMT-0700 (Pacific Daylight Time): GET /admin-success
Thu Apr 25 2019 13:54:39 GMT-0700 (Pacific Daylight Time): GET /admin-restricted
Thu Apr 25 2019 13:54:39 GMT-0700 (Pacific Daylight Time): GET /bundle_1.js
Thu Apr 25 2019 13:54:39 GMT-0700 (Pacific Daylight Time): GET /favicon.ico
Thu Apr 25 2019 13:54:41 GMT-0700 (Pacific Daylight Time): GET /registration-logged-in
Thu Apr 25 2019 13:54:41 GMT-0700 (Pacific Daylight Time): GET /bundle_1.js
Thu Apr 25 2019 13:54:41 GMT-0700 (Pacific Daylight Time): GET /favicon.ico
Thu Apr 25 2019 13:54:42 GMT-0700 (Pacific Daylight Time): GET /trading-success
Thu Apr 25 2019 13:54:42 GMT-0700 (Pacific Daylight Time): GET /testcss.css
Thu Apr 25 2019 13:54:43 GMT-0700 (Pacific Daylight Time): GET /images/icon1.png
Thu Apr 25 2019 13:55:09 GMT-0700 (Pacific Daylight Time): POST /trading-success-buy
Thu Apr 25 2019 13:55:09 GMT-0700 (Pacific Daylight Time): GET /testcss.css
Thu Apr 25 2019 13:55:09 GMT-0700 (Pacific Daylight Time): GET /images/icon1.png
Thu Apr 25 2019 14:03:15 GMT-0700 (Pacific Daylight Time): GET /admin-success
Thu Apr 25 2019 14:03:15 GMT-0700 (Pacific Daylight Time): GET /admin-restricted
Thu Apr 25 2019 14:03:15 GMT-0700 (Pacific Daylight Time): GET /
Thu Apr 25 2019 14:03:15 GMT-0700 (Pacific Daylight Time): GET /testcss.css
Thu Apr 25 2019 14:03:15 GMT-0700 (Pacific Daylight Time): GET /images/icon1.png
Thu Apr 25 2019 14:03:16 GMT-0700 (Pacific Daylight Time): GET /trading
Thu Apr 25 2019 14:03:17 GMT-0700 (Pacific Daylight Time): GET /testcss.css
Thu Apr 25 2019 14:03:17 GMT-0700 (Pacific Daylight Time): GET /images/icon1.png
Thu Apr 25 2019 14:03:18 GMT-0700 (Pacific Daylight Time): GET /register
Thu Apr 25 2019 14:03:18 GMT-0700 (Pacific Daylight Time): GET /bundle_1.js
Thu Apr 25 2019 14:03:18 GMT-0700 (Pacific Daylight Time): GET /favicon.ico
Thu Apr 25 2019 14:03:19 GMT-0700 (Pacific Daylight Time): GET /login
Thu Apr 25 2019 14:03:19 GMT-0700 (Pacific Daylight Time): GET /testcss.css
Thu Apr 25 2019 14:03:19 GMT-0700 (Pacific Daylight Time): GET /images/icon1.png
Thu Apr 25 2019 14:03:26 GMT-0700 (Pacific Daylight Time): POST /login
Thu Apr 25 2019 14:03:26 GMT-0700 (Pacific Daylight Time): GET /trading-success
Thu Apr 25 2019 14:03:26 GMT-0700 (Pacific Daylight Time): GET /testcss.css
Thu Apr 25 2019 14:03:26 GMT-0700 (Pacific Daylight Time): GET /images/icon1.png
Thu Apr 25 2019 14:03:36 GMT-0700 (Pacific Daylight Time): GET /registration-logged-in
Thu Apr 25 2019 14:03:36 GMT-0700 (Pacific Daylight Time): GET /bundle_1.js
Thu Apr 25 2019 14:03:36 GMT-0700 (Pacific Daylight Time): GET /favicon.ico
Thu Apr 25 2019 14:03:38 GMT-0700 (Pacific Daylight Time): GET /trading-success
Thu Apr 25 2019 14:03:38 GMT-0700 (Pacific Daylight Time): GET /testcss.css
Thu Apr 25 2019 14:03:38 GMT-0700 (Pacific Daylight Time): GET /images/icon1.png
Thu Apr 25 2019 14:04:14 GMT-0700 (Pacific Daylight Time): GET /registration-logged-in
Thu Apr 25 2019 14:04:14 GMT-0700 (Pacific Daylight Time): GET /bundle_1.js
Thu Apr 25 2019 14:04:14 GMT-0700 (Pacific Daylight Time): GET /favicon.ico
Thu Apr 25 2019 14:06:16 GMT-0700 (Pacific Daylight Time): GET /registration-logged-in
Thu Apr 25 2019 14:06:16 GMT-0700 (Pacific Daylight Time): GET /
Thu Apr 25 2019 14:06:16 GMT-0700 (Pacific Daylight Time): GET /testcss.css
Thu Apr 25 2019 14:06:17 GMT-0700 (Pacific Daylight Time): GET /images/icon1.png
Thu Apr 25 2019 14:06:21 GMT-0700 (Pacific Daylight Time): GET /register
Thu Apr 25 2019 14:06:21 GMT-0700 (Pacific Daylight Time): GET /bundle_1.js
Thu Apr 25 2019 14:06:21 GMT-0700 (Pacific Daylight Time): GET /favicon.ico
Thu Apr 25 2019 14:06:23 GMT-0700 (Pacific Daylight Time): GET /trading
Thu Apr 25 2019 14:06:23 GMT-0700 (Pacific Daylight Time): GET /testcss.css
Thu Apr 25 2019 14:06:23 GMT-0700 (Pacific Daylight Time): GET /images/icon1.png
Thu Apr 25 2019 14:06:24 GMT-0700 (Pacific Daylight Time): GET /admin
Thu Apr 25 2019 14:06:24 GMT-0700 (Pacific Daylight Time): GET /bundle_1.js
Thu Apr 25 2019 14:06:25 GMT-0700 (Pacific Daylight Time): GET /favicon.ico
Thu Apr 25 2019 14:06:26 GMT-0700 (Pacific Daylight Time): GET /login
Thu Apr 25 2019 14:06:26 GMT-0700 (Pacific Daylight Time): GET /testcss.css
Thu Apr 25 2019 14:06:26 GMT-0700 (Pacific Daylight Time): GET /images/icon1.png
Thu Apr 25 2019 14:06:31 GMT-0700 (Pacific Daylight Time): GET /register
Thu Apr 25 2019 14:06:31 GMT-0700 (Pacific Daylight Time): GET /bundle_1.js
Thu Apr 25 2019 14:06:31 GMT-0700 (Pacific Daylight Time): GET /favicon.ico
Thu Apr 25 2019 14:06:32 GMT-0700 (Pacific Daylight Time): GET /trading
Thu Apr 25 2019 14:06:32 GMT-0700 (Pacific Daylight Time): GET /testcss.css
Thu Apr 25 2019 14:06:32 GMT-0700 (Pacific Daylight Time): GET /images/icon1.png
Thu Apr 25 2019 14:06:33 GMT-0700 (Pacific Daylight Time): GET /admin
Thu Apr 25 2019 14:06:33 GMT-0700 (Pacific Daylight Time): GET /bundle_1.js
Thu Apr 25 2019 14:06:33 GMT-0700 (Pacific Daylight Time): GET /favicon.ico
Thu Apr 25 2019 14:08:06 GMT-0700 (Pacific Daylight Time): GET /trading
Thu Apr 25 2019 14:08:06 GMT-0700 (Pacific Daylight Time): GET /testcss.css
Thu Apr 25 2019 14:08:06 GMT-0700 (Pacific Daylight Time): GET /images/icon1.png
Thu Apr 25 2019 14:08:07 GMT-0700 (Pacific Daylight Time): GET /login
Thu Apr 25 2019 14:08:07 GMT-0700 (Pacific Daylight Time): GET /testcss.css
Thu Apr 25 2019 14:08:07 GMT-0700 (Pacific Daylight Time): GET /images/icon1.png
Thu Apr 25 2019 14:08:08 GMT-0700 (Pacific Daylight Time): GET /register
Thu Apr 25 2019 14:08:08 GMT-0700 (Pacific Daylight Time): GET /bundle_1.js
Thu Apr 25 2019 14:08:08 GMT-0700 (Pacific Daylight Time): GET /favicon.ico
Thu Apr 25 2019 14:13:03 GMT-0700 (Pacific Daylight Time): GET /register
Thu Apr 25 2019 14:13:03 GMT-0700 (Pacific Daylight Time): GET /bundle_1.js
Thu Apr 25 2019 14:13:03 GMT-0700 (Pacific Daylight Time): GET /favicon.ico
Thu Apr 25 2019 14:15:40 GMT-0700 (Pacific Daylight Time): GET /admin
Thu Apr 25 2019 14:15:40 GMT-0700 (Pacific Daylight Time): GET /bundle_1.js
Thu Apr 25 2019 14:15:40 GMT-0700 (Pacific Daylight Time): GET /favicon.ico
Thu Apr 25 2019 14:17:05 GMT-0700 (Pacific Daylight Time): GET /register
Thu Apr 25 2019 14:17:05 GMT-0700 (Pacific Daylight Time): GET /bundle_1.js
Thu Apr 25 2019 14:17:05 GMT-0700 (Pacific Daylight Time): GET /favicon.ico
Thu Apr 25 2019 14:17:07 GMT-0700 (Pacific Daylight Time): GET /trading
Thu Apr 25 2019 14:17:07 GMT-0700 (Pacific Daylight Time): GET /testcss.css
Thu Apr 25 2019 14:17:07 GMT-0700 (Pacific Daylight Time): GET /images/icon1.png
Thu Apr 25 2019 14:17:08 GMT-0700 (Pacific Daylight Time): GET /admin
Thu Apr 25 2019 14:17:08 GMT-0700 (Pacific Daylight Time): GET /bundle_1.js
Thu Apr 25 2019 14:17:08 GMT-0700 (Pacific Daylight Time): GET /favicon.ico
Thu Apr 25 2019 14:17:10 GMT-0700 (Pacific Daylight Time): GET /login
Thu Apr 25 2019 14:17:10 GMT-0700 (Pacific Daylight Time): GET /testcss.css
Thu Apr 25 2019 14:17:10 GMT-0700 (Pacific Daylight Time): GET /images/icon1.png
Thu Apr 25 2019 14:17:16 GMT-0700 (Pacific Daylight Time): POST /login
Thu Apr 25 2019 14:17:16 GMT-0700 (Pacific Daylight Time): GET /trading-success
Thu Apr 25 2019 14:17:16 GMT-0700 (Pacific Daylight Time): GET /testcss.css
Thu Apr 25 2019 14:17:16 GMT-0700 (Pacific Daylight Time): GET /images/icon1.png
Thu Apr 25 2019 14:17:18 GMT-0700 (Pacific Daylight Time): GET /admin-success
Thu Apr 25 2019 14:17:18 GMT-0700 (Pacific Daylight Time): GET /bundle_1.js
Thu Apr 25 2019 14:17:18 GMT-0700 (Pacific Daylight Time): GET /favicon.ico
Thu Apr 25 2019 14:17:21 GMT-0700 (Pacific Daylight Time): POST /admin-success-user-accounts
Thu Apr 25 2019 14:17:22 GMT-0700 (Pacific Daylight Time): GET /bundle_1.js
Thu Apr 25 2019 14:17:22 GMT-0700 (Pacific Daylight Time): GET /favicon.ico
Thu Apr 25 2019 14:17:27 GMT-0700 (Pacific Daylight Time): GET /favicon.ico
Thu Apr 25 2019 14:17:29 GMT-0700 (Pacific Daylight Time): POST /admin-success-delete-user
Thu Apr 25 2019 14:17:30 GMT-0700 (Pacific Daylight Time): GET /bundle_1.js
Thu Apr 25 2019 14:17:30 GMT-0700 (Pacific Daylight Time): GET /favicon.ico
Thu Apr 25 2019 14:17:37 GMT-0700 (Pacific Daylight Time): POST /admin-success-delete-user-success
Thu Apr 25 2019 14:17:38 GMT-0700 (Pacific Daylight Time): GET /bundle_1.js
Thu Apr 25 2019 14:17:38 GMT-0700 (Pacific Daylight Time): GET /favicon.ico
Thu Apr 25 2019 14:17:40 GMT-0700 (Pacific Daylight Time): GET /admin-success
Thu Apr 25 2019 14:17:40 GMT-0700 (Pacific Daylight Time): GET /bundle_1.js
Thu Apr 25 2019 14:17:40 GMT-0700 (Pacific Daylight Time): GET /favicon.ico
Thu Apr 25 2019 14:17:41 GMT-0700 (Pacific Daylight Time): POST /admin-success-user-accounts
Thu Apr 25 2019 14:17:42 GMT-0700 (Pacific Daylight Time): GET /bundle_1.js
Thu Apr 25 2019 14:17:42 GMT-0700 (Pacific Daylight Time): GET /favicon.ico
Thu Apr 25 2019 14:18:50 GMT-0700 (Pacific Daylight Time): GET /login
Thu Apr 25 2019 14:18:50 GMT-0700 (Pacific Daylight Time): GET /testcss.css
Thu Apr 25 2019 14:18:50 GMT-0700 (Pacific Daylight Time): GET /images/icon1.png
Thu Apr 25 2019 14:18:51 GMT-0700 (Pacific Daylight Time): GET /login
Thu Apr 25 2019 14:18:52 GMT-0700 (Pacific Daylight Time): GET /testcss.css
Thu Apr 25 2019 14:18:52 GMT-0700 (Pacific Daylight Time): GET /images/icon1.png
Thu Apr 25 2019 14:18:53 GMT-0700 (Pacific Daylight Time): GET /register
Thu Apr 25 2019 14:18:53 GMT-0700 (Pacific Daylight Time): GET /bundle_1.js
Thu Apr 25 2019 14:18:53 GMT-0700 (Pacific Daylight Time): GET /favicon.ico
Thu Apr 25 2019 14:18:54 GMT-0700 (Pacific Daylight Time): GET /trading
Thu Apr 25 2019 14:18:54 GMT-0700 (Pacific Daylight Time): GET /testcss.css
Thu Apr 25 2019 14:18:54 GMT-0700 (Pacific Daylight Time): GET /images/icon1.png
Thu Apr 25 2019 14:19:02 GMT-0700 (Pacific Daylight Time): GET /leaderboard
Thu Apr 25 2019 14:19:02 GMT-0700 (Pacific Daylight Time): GET /favicon.ico
Thu Apr 25 2019 14:21:19 GMT-0700 (Pacific Daylight Time): GET /leaderboard
Thu Apr 25 2019 14:21:26 GMT-0700 (Pacific Daylight Time): GET /
Thu Apr 25 2019 14:21:26 GMT-0700 (Pacific Daylight Time): GET /testcss.css
Thu Apr 25 2019 14:21:27 GMT-0700 (Pacific Daylight Time): GET /images/icon1.png
Thu Apr 25 2019 14:21:29 GMT-0700 (Pacific Daylight Time): GET /
Thu Apr 25 2019 14:21:29 GMT-0700 (Pacific Daylight Time): GET /testcss.css
Thu Apr 25 2019 14:21:29 GMT-0700 (Pacific Daylight Time): GET /images/icon1.png
Thu Apr 25 2019 14:21:30 GMT-0700 (Pacific Daylight Time): GET /register
Thu Apr 25 2019 14:21:30 GMT-0700 (Pacific Daylight Time): GET /bundle_1.js
Thu Apr 25 2019 14:21:30 GMT-0700 (Pacific Daylight Time): GET /favicon.ico
Thu Apr 25 2019 14:21:31 GMT-0700 (Pacific Daylight Time): GET /trading
Thu Apr 25 2019 14:21:31 GMT-0700 (Pacific Daylight Time): GET /testcss.css
Thu Apr 25 2019 14:21:31 GMT-0700 (Pacific Daylight Time): GET /images/icon1.png
Thu Apr 25 2019 14:21:32 GMT-0700 (Pacific Daylight Time): GET /admin
Thu Apr 25 2019 14:21:32 GMT-0700 (Pacific Daylight Time): GET /bundle_1.js
Thu Apr 25 2019 14:21:32 GMT-0700 (Pacific Daylight Time): GET /favicon.ico
Thu Apr 25 2019 14:21:34 GMT-0700 (Pacific Daylight Time): GET /login
Thu Apr 25 2019 14:21:34 GMT-0700 (Pacific Daylight Time): GET /testcss.css
Thu Apr 25 2019 14:21:34 GMT-0700 (Pacific Daylight Time): GET /images/icon1.png
Thu Apr 25 2019 14:21:39 GMT-0700 (Pacific Daylight Time): GET /leaderboard
Thu Apr 25 2019 14:23:12 GMT-0700 (Pacific Daylight Time): GET /
Thu Apr 25 2019 14:23:12 GMT-0700 (Pacific Daylight Time): GET /testcss.css
Thu Apr 25 2019 14:23:12 GMT-0700 (Pacific Daylight Time): GET /images/icon1.png
Thu Apr 25 2019 14:23:15 GMT-0700 (Pacific Daylight Time): GET /
Thu Apr 25 2019 14:23:15 GMT-0700 (Pacific Daylight Time): GET /testcss.css
Thu Apr 25 2019 14:23:15 GMT-0700 (Pacific Daylight Time): GET /images/icon1.png
Thu Apr 25 2019 14:23:16 GMT-0700 (Pacific Daylight Time): GET /
Thu Apr 25 2019 14:23:16 GMT-0700 (Pacific Daylight Time): GET /testcss.css
Thu Apr 25 2019 14:23:16 GMT-0700 (Pacific Daylight Time): GET /images/icon1.png
Thu Apr 25 2019 14:23:40 GMT-0700 (Pacific Daylight Time): GET /
Thu Apr 25 2019 14:23:40 GMT-0700 (Pacific Daylight Time): GET /testcss.css
Thu Apr 25 2019 14:23:40 GMT-0700 (Pacific Daylight Time): GET /images/icon1.png
Thu Apr 25 2019 14:23:41 GMT-0700 (Pacific Daylight Time): GET /register
Thu Apr 25 2019 14:23:41 GMT-0700 (Pacific Daylight Time): GET /bundle_1.js
Thu Apr 25 2019 14:23:41 GMT-0700 (Pacific Daylight Time): GET /favicon.ico
Thu Apr 25 2019 14:23:42 GMT-0700 (Pacific Daylight Time): GET /trading
Thu Apr 25 2019 14:23:42 GMT-0700 (Pacific Daylight Time): GET /testcss.css
Thu Apr 25 2019 14:23:42 GMT-0700 (Pacific Daylight Time): GET /images/icon1.png
Thu Apr 25 2019 14:23:42 GMT-0700 (Pacific Daylight Time): GET /admin
Thu Apr 25 2019 14:23:42 GMT-0700 (Pacific Daylight Time): GET /bundle_1.js
Thu Apr 25 2019 14:23:43 GMT-0700 (Pacific Daylight Time): GET /favicon.ico
Thu Apr 25 2019 14:23:47 GMT-0700 (Pacific Daylight Time): GET /leaderboard
Thu Apr 25 2019 14:23:52 GMT-0700 (Pacific Daylight Time): GET /home
Thu Apr 25 2019 14:23:52 GMT-0700 (Pacific Daylight Time): GET /testcss.css
Thu Apr 25 2019 14:23:53 GMT-0700 (Pacific Daylight Time): GET /images/icon1.png
Thu Apr 25 2019 14:23:58 GMT-0700 (Pacific Daylight Time): GET /
Thu Apr 25 2019 14:23:58 GMT-0700 (Pacific Daylight Time): GET /testcss.css
Thu Apr 25 2019 14:23:58 GMT-0700 (Pacific Daylight Time): GET /images/icon1.png
Thu Apr 25 2019 14:24:00 GMT-0700 (Pacific Daylight Time): GET /images/icon1.png
Thu Apr 25 2019 14:24:01 GMT-0700 (Pacific Daylight Time): GET /leaderboard.
Thu Apr 25 2019 14:24:01 GMT-0700 (Pacific Daylight Time): GET /testcss.css
Thu Apr 25 2019 14:24:01 GMT-0700 (Pacific Daylight Time): GET /images/icon1.png
Thu Apr 25 2019 14:24:03 GMT-0700 (Pacific Daylight Time): GET /admin
Thu Apr 25 2019 14:24:03 GMT-0700 (Pacific Daylight Time): GET /bundle_1.js
Thu Apr 25 2019 14:24:03 GMT-0700 (Pacific Daylight Time): GET /favicon.ico
Thu Apr 25 2019 14:24:04 GMT-0700 (Pacific Daylight Time): GET /trading
Thu Apr 25 2019 14:24:04 GMT-0700 (Pacific Daylight Time): GET /testcss.css
Thu Apr 25 2019 14:24:04 GMT-0700 (Pacific Daylight Time): GET /images/icon1.png
Thu Apr 25 2019 14:24:05 GMT-0700 (Pacific Daylight Time): GET /admin
Thu Apr 25 2019 14:24:05 GMT-0700 (Pacific Daylight Time): GET /bundle_1.js
Thu Apr 25 2019 14:24:05 GMT-0700 (Pacific Daylight Time): GET /favicon.ico
Thu Apr 25 2019 14:24:06 GMT-0700 (Pacific Daylight Time): GET /images/icon1.png
Thu Apr 25 2019 14:24:07 GMT-0700 (Pacific Daylight Time): GET /favicon.ico
Thu Apr 25 2019 14:24:11 GMT-0700 (Pacific Daylight Time): GET /home
Thu Apr 25 2019 14:24:11 GMT-0700 (Pacific Daylight Time): GET /testcss.css
Thu Apr 25 2019 14:24:11 GMT-0700 (Pacific Daylight Time): GET /images/icon1.png
Thu Apr 25 2019 14:24:17 GMT-0700 (Pacific Daylight Time): GET /logout
Thu Apr 25 2019 14:24:17 GMT-0700 (Pacific Daylight Time): GET /
Thu Apr 25 2019 14:24:17 GMT-0700 (Pacific Daylight Time): GET /testcss.css
Thu Apr 25 2019 14:24:17 GMT-0700 (Pacific Daylight Time): GET /images/icon1.png
Thu Apr 25 2019 14:26:04 GMT-0700 (Pacific Daylight Time): GET /
Thu Apr 25 2019 14:26:04 GMT-0700 (Pacific Daylight Time): GET /testcss.css
Thu Apr 25 2019 14:26:04 GMT-0700 (Pacific Daylight Time): GET /images/icon1.png
Thu Apr 25 2019 14:26:05 GMT-0700 (Pacific Daylight Time): GET /
Thu Apr 25 2019 14:26:05 GMT-0700 (Pacific Daylight Time): GET /testcss.css
Thu Apr 25 2019 14:26:05 GMT-0700 (Pacific Daylight Time): GET /images/icon1.png
Thu Apr 25 2019 14:26:05 GMT-0700 (Pacific Daylight Time): GET /
Thu Apr 25 2019 14:26:05 GMT-0700 (Pacific Daylight Time): GET /testcss.css
Thu Apr 25 2019 14:26:05 GMT-0700 (Pacific Daylight Time): GET /images/icon1.png
Thu Apr 25 2019 14:26:06 GMT-0700 (Pacific Daylight Time): GET /register
Thu Apr 25 2019 14:26:06 GMT-0700 (Pacific Daylight Time): GET /bundle_1.js
Thu Apr 25 2019 14:26:06 GMT-0700 (Pacific Daylight Time): GET /favicon.ico
Thu Apr 25 2019 14:26:07 GMT-0700 (Pacific Daylight Time): GET /login
Thu Apr 25 2019 14:26:07 GMT-0700 (Pacific Daylight Time): GET /testcss.css
Thu Apr 25 2019 14:26:07 GMT-0700 (Pacific Daylight Time): GET /images/icon1.png
Thu Apr 25 2019 14:26:18 GMT-0700 (Pacific Daylight Time): POST /login
Thu Apr 25 2019 14:26:18 GMT-0700 (Pacific Daylight Time): GET /trading-success
Thu Apr 25 2019 14:26:18 GMT-0700 (Pacific Daylight Time): GET /testcss.css
Thu Apr 25 2019 14:26:18 GMT-0700 (Pacific Daylight Time): GET /images/icon1.png
Thu Apr 25 2019 14:26:21 GMT-0700 (Pacific Daylight Time): GET /registration-logged-in
Thu Apr 25 2019 14:26:21 GMT-0700 (Pacific Daylight Time): GET /bundle_1.js
Thu Apr 25 2019 14:26:21 GMT-0700 (Pacific Daylight Time): GET /favicon.ico
Thu Apr 25 2019 14:26:22 GMT-0700 (Pacific Daylight Time): GET /logout
Thu Apr 25 2019 14:26:22 GMT-0700 (Pacific Daylight Time): GET /
Thu Apr 25 2019 14:26:22 GMT-0700 (Pacific Daylight Time): GET /testcss.css
Thu Apr 25 2019 14:26:22 GMT-0700 (Pacific Daylight Time): GET /images/icon1.png
Thu Apr 25 2019 14:26:24 GMT-0700 (Pacific Daylight Time): GET /admin
Thu Apr 25 2019 14:26:24 GMT-0700 (Pacific Daylight Time): GET /bundle_1.js
Thu Apr 25 2019 14:26:24 GMT-0700 (Pacific Daylight Time): GET /favicon.ico
Thu Apr 25 2019 14:28:08 GMT-0700 (Pacific Daylight Time): GET /admin
Thu Apr 25 2019 14:28:08 GMT-0700 (Pacific Daylight Time): GET /bundle_1.js
Thu Apr 25 2019 14:28:08 GMT-0700 (Pacific Daylight Time): GET /favicon.ico
Thu Apr 25 2019 14:28:09 GMT-0700 (Pacific Daylight Time): GET /admin
Thu Apr 25 2019 14:28:09 GMT-0700 (Pacific Daylight Time): GET /bundle_1.js
Thu Apr 25 2019 14:28:09 GMT-0700 (Pacific Daylight Time): GET /favicon.ico
Thu Apr 25 2019 14:28:09 GMT-0700 (Pacific Daylight Time): GET /admin
Thu Apr 25 2019 14:28:09 GMT-0700 (Pacific Daylight Time): GET /bundle_1.js
Thu Apr 25 2019 14:28:09 GMT-0700 (Pacific Daylight Time): GET /favicon.ico
Thu Apr 25 2019 14:28:14 GMT-0700 (Pacific Daylight Time): GET /leaderboard
Thu Apr 25 2019 14:28:19 GMT-0700 (Pacific Daylight Time): GET /favicon.ico
Thu Apr 25 2019 14:28:20 GMT-0700 (Pacific Daylight Time): GET /trading
Thu Apr 25 2019 14:28:20 GMT-0700 (Pacific Daylight Time): GET /testcss.css
Thu Apr 25 2019 14:28:20 GMT-0700 (Pacific Daylight Time): GET /images/icon1.png
Thu Apr 25 2019 14:28:24 GMT-0700 (Pacific Daylight Time): GET /trading
Thu Apr 25 2019 14:28:24 GMT-0700 (Pacific Daylight Time): GET /testcss.css
Thu Apr 25 2019 14:28:24 GMT-0700 (Pacific Daylight Time): GET /images/icon1.png
Thu Apr 25 2019 14:28:26 GMT-0700 (Pacific Daylight Time): GET /favicon.ico
Thu Apr 25 2019 15:02:39 GMT-0700 (Pacific Daylight Time): GET /admin
Thu Apr 25 2019 15:02:39 GMT-0700 (Pacific Daylight Time): GET /bundle_1.js
Thu Apr 25 2019 15:02:39 GMT-0700 (Pacific Daylight Time): GET /favicon.ico
Tue Apr 30 2019 13:41:13 GMT-0700 (Pacific Daylight Time): GET /
Tue Apr 30 2019 13:41:13 GMT-0700 (Pacific Daylight Time): GET /testcss.css
Tue Apr 30 2019 13:41:14 GMT-0700 (Pacific Daylight Time): GET /images/icon1.png
Tue Apr 30 2019 13:45:45 GMT-0700 (Pacific Daylight Time): GET /leaderboard
Tue Apr 30 2019 15:03:50 GMT-0700 (Pacific Daylight Time): GET /
Tue Apr 30 2019 15:03:50 GMT-0700 (Pacific Daylight Time): GET /favicon.ico
Tue Apr 30 2019 15:04:52 GMT-0700 (Pacific Daylight Time): GET /
Tue Apr 30 2019 15:04:52 GMT-0700 (Pacific Daylight Time): GET /testcss.css
Tue Apr 30 2019 15:04:52 GMT-0700 (Pacific Daylight Time): GET /images/icon1.png
Tue Apr 30 2019 15:40:05 GMT-0700 (Pacific Daylight Time): GET /
Tue Apr 30 2019 15:40:05 GMT-0700 (Pacific Daylight Time): GET /testcss.css
Tue Apr 30 2019 15:40:06 GMT-0700 (Pacific Daylight Time): GET /images/icon1.png
